<?xml version="1.0" encoding="UTF-8"?>
<testsuite xmlns:xsi="http://www.w3.org/2001/XMLSchema-instance" xsi:noNamespaceSchemaLocation="https://maven.apache.org/surefire/maven-surefire-plugin/xsd/surefire-test-report.xsd" name="br.com.architecture.ead.no.NoTest" time="0.039" tests="4" errors="0" skipped="0" failures="0">
  <properties>
[...]
</properties>
  <testcase name="devolveProximoNulo" classname="br.com.architecture.ead.no.NoTest" time="0"/>
  <testcase name="devolveProximoNoDiferenteDeNulo" classname="br.com.architecture.ead.no.NoTest" time="0"/>
  <testcase name="devolveElementoDoNo" classname="br.com.architecture.ead.no.NoTest" time="0"/>
  <testcase name="devolveProximoNoNulo" classname="br.com.architecture.ead.no.NoTest" time="0"/>
</testsuite>